cv_standard
xxx Mon Mar 23 15:46:26 2015      0.0 START                cv_standard 
Thread 0 starting.
!!Python Version test 
!!Git commit hash 549f0b41516061a2fcf4c42ad7e1a377c58f4290
!!Python is running with 1 processors
This is MPI task number 0 (a total of 1 tasks are running).
xxx Mon Mar 23 15:46:26 2015      0.0 NOK                  Initializing variables for cv_standard
Reading data from file cv_standard.pf
Wind_type(0=SV,1=Sphere,2=Previous,3=Proga,4=Corona,5=knigge,6=homologous,7=yso,8=elvis,9=shell)	  0
Atomic_data   data/standard78
Get_atomicdata: Reading from masterfile data/standard78
Data of  14 elements, 178 ions,  3761 levels,  5458 lines, and   108 topbase records
Macro    14 elements,   0 ions,     0 levels,     0 lines, and     0 topbase records
Simple   14 elements, 178 ions,  3761 levels,  5458 lines, and   108 topbase records
We have read in 149 Dielectronic recombination coefficients
We have read in   0 Cardona partition functions coefficients
We have read in 164 Badnell totl Radiative rate coefficients
We have read in 135 Badnell GS   Radiative rate coefficients over the temp range 6.760000e+03 to 1.000000e+07
We have read in  41 Scaled electron temperature frequency averaged gaunt factors
The minimum frequency for photoionization is 3.66e+14
get_atomic_data: Evaluation:  There are     14 elements     while     50 are currently allowed
get_atomic_data: Evaluation:  There are    178 ions         while    500 are currently allowed
get_atomic_data: Evaluation:  There are   3761 levels       while  12000 are currently allowed
get_atomic_data: Evaluation:  There are   5458 lines        while 200000 are currently allowed
get_atomic_data: Evaluation:  There are      0 macro levels while    150 are currently allowed
get_atomic_data: Evaluation:  The maximum value bb jumps is 0 while 100 are currently allowed
get_atomic_data: Evaluation:  The maximum value bf jumps is 0 while 100 are currently allowed
get_atomicdata: not tracking levels for ion 151 z 26 istate 1, yet marked as topbase xsection!
get_atomicdata: not tracking levels for ion 152 z 26 istate 2, yet marked as topbase xsection!
photons_per_cycle	  1.000000e+05
Photons per cycle per MPI task will be 100000
Ionization_cycles	  20
spectrum_cycles	  20
Coord.system(0=spherical,1=cylindrical,2=spherical_polar,3=cyl_var)	  1
Wind.dim.in.x_or_r.direction	  30
Wind.dim.in.z_or_theta.direction	  30
Wind_ionization(0=on.the.spot,1=LTE,2=fixed,3=recalc_bb,6=pairwise_bb,7=pairwise_pow,8=matrix_bb,9=matrix_pow)	  3
Line_transfer(0=pure.abs,1=pure.scat,2=sing.scat,3=escape.prob,6=macro_atoms,7=macro_atoms+aniso.scattering)	  5
Thermal_balance_options(0=everything.on,1=no.adiabatic)	  0
System_type(0=star,1=binary,2=agn)	  1
disk.type(0=no.disk,1=standard.flat.disk,2=vertically.extended.disk)	  1
Star_radiation(y=1)	  1
Disk_radiation(y=1)	  1
Boundary_layer_radiation(y=1)	  0
Wind_radiation(y=1)	  1
Rad_type_for_star(0=bb,1=models)_to_make_wind	  0
Rad_type_for_disk(0=bb,1=models)_to_make_wind	  0
Not Trying to make a start with a power law boundary layer -3
mstar(msol)	  8.000000e-01
rstar(cm)	  7.000000e+08
tstar	  4.000000e+04
msec(msol)	  6.000000e-01
period(hr)	  5.570000e+00
disk.mdot(msol/yr)	  1.000000e-08
Disk.illumination.treatment(0=no.rerad,1=high.albedo,2=thermalized.rerad,3=analytic)	  0
Disk.temperature.profile(0=standard;1=readin)	  0
disk.radmax(cm)	  2.400000e+10
geo.diskrad  2.400000e+10
wind.radmax(cm)	  1.000000e+12
wind.t.init	  4.000000e+04
Creating an SV wind model for a Cataclysmic Variable
wind.mdot(msol/yr)	  1.000000e-09
sv.diskmin(units_of_rstar)	  4.000000e+00
sv.diskmax(units_of_rstar)	  1.200000e+01
sv.thetamin(deg)	  2.000000e+01
sv.thetamax(deg)	  6.500000e+01
sv.mdot_r_exponent	  0.000000e+00
sv.v_infinity(in_units_of_vescape	  3.000000e+00
sv.acceleration_length(cm)	  7.000000e+10
sv.acceleration_exponent	  1.500000e+00
wind.filling_factor(1=smooth,<1=clumped)	  1.000000e+00
DFUDGE set to minimum value of 1.000000e+05
There is a star which radiates
There is a disk which radiates and absorbs
There is no boundary layer
There is no BH 
Rad_type_for_star(0=bb,1=models,2=uniform)_in_final_spectrum	  0
Rad_type_for_disk(0=bb,1=models,2=uniform)_in_final_spectrum	  0
spectrum_wavemin	  8.000000e+02
spectrum_wavemax	  1.850000e+03
no_observers	  5
angle(0=pole)	  1.000000e+01
angle(0=pole)	  2.750000e+01
angle(0=pole)	  4.500000e+01
angle(0=pole)	  6.250000e+01
angle(0=pole)	  8.000000e+01
phase(0=inferior_conjunction)	  5.000000e-01
phase(0=inferior_conjunction)	  5.000000e-01
phase(0=inferior_conjunction)	  5.000000e-01
phase(0=inferior_conjunction)	  5.000000e-01
phase(0=inferior_conjunction)	  5.000000e-01
live.or.die(0).or.extract(anything_else)	  1
OK, extracting from specific angles
spec.type(flambda(1),fnu(2),basic(other)	  1
OK, generating flambda at 100pc
Increasing maximum frequency to twice the Helium edge
Photon.sampling.approach(0=T,1=(f1,f2),2=cv,3=yso,4=user_defined,5=cloudy_test,6=wide,7=AGN,8=logarithmic)	  2
bands_init: There are 4 bands
bands_init: band 0,  f1= 2.498e+14,  f2= 3.288e+15, frac=0.00
bands_init: band 0, eV1= 1.033e+00, eV2= 1.360e+01, frac=0.00
bands_init: band 0, alpha1=0.172605, alpha2=2.271536, frac=0.00
bands_init: band 1,  f1= 3.288e+15,  f2= 5.945e+15, frac=0.10
bands_init: band 1, eV1= 1.360e+01, eV2= 2.459e+01, frac=0.10
bands_init: band 1, alpha1=2.271536, alpha2=4.107105, frac=0.10
bands_init: band 2,  f1= 5.945e+15,  f2= 1.316e+16, frac=0.10
bands_init: band 2, eV1= 2.459e+01, eV2= 5.442e+01, frac=0.10
bands_init: band 2, alpha1=4.107105, alpha2=9.089819, frac=0.10
bands_init: band 3,  f1= 1.316e+16,  f2= 2.631e+16, frac=0.10
bands_init: band 3, eV1= 5.442e+01, eV2= 1.088e+02, frac=0.10
bands_init: band 3, alpha1=9.089819, alpha2=18.179637, frac=0.10
freqs_init: Photons will be generated between     1.03 (2.50e+14) and   108.84 (2.63e+16)
freqs_init: Of 10 starting intervals, 4 will have photons
freqs_init: test 2.631304e+16 3.162000e+16
freqs_init: There were 4 final intervals
freqs_init:     1.03 (2.50e+14)        4.14 (1.00e+15)  
freqs_init:     4.14 (1.00e+15)       13.08 (3.16e+15)  
freqs_init:    13.08 (3.16e+15)       41.36 (1.00e+16)  
freqs_init:    41.36 (1.00e+16)      108.84 (2.63e+16)  
Could not rename python.pf to python.pf.old
wind2d: 900 cells of which 137 are in inwind, 102 partially in_wind, & 239 with pos. vol
wind2d: Cell   0 ( 0, 0) has 1 corners in wind, but zero volume
Allocated      17088 bytes for each of   240 elements variable length plasma arrays totaling        4.1 Mb 
Got to wind_check
Wind_check: Punchthrough distance DFUDGE 1.000000e+05 www[1].x[2] 7.000000e+08
Finished wind check
m dot wind: Desired 6.3029e+16   Base 3.39304e+16 Calculated 3.86626e+16
Wind Mdot Desired 6.302895e+16 Plane 2.901485e+16 Sphere(5.000000e+11) 6.437911e+16
xxx Mon Mar 23 15:46:35 2015      8.7 NOK                  Finished initialization for cv_standard
xxx Mon Mar 23 15:46:35 2015      8.7 NOK                  Starting 0 of 20 ionization cycle 
!!Python: Begining cycle 0 of 20 for defining wind
photon_gen: band 2.50e+14 to 3.29e+15 weight 6.40e+29 nphotons 39281 ndisk  38462 nwind      0 nstar    819 npow 0 
photon_gen: band 3.29e+15 to 5.94e+15 weight 4.29e+29 nphotons 30307 ndisk  29591 nwind      0 nstar    716 npow 0 
photon_gen: band 5.94e+15 to 1.32e+16 weight 3.22e+29 nphotons 20130 ndisk  19938 nwind      0 nstar    192 npow 0 
photon_gen: band 1.32e+16 to 2.63e+16 weight 1.76e+28 nphotons 10282 ndisk  10277 nwind      0 nstar      5 npow 0 
NSH Geo.n_ioniz=5.869692e+44
!!python: Total photon luminosity before transphot 4.480205933522e+34

Photon       0 of  100000 or  0.000 per cent 
Photon   50000 of  100000 or 50.000 per cent 


!!python: Total photon luminosity after transphot 4.327009028659e+34 (diff -1.531969048631e+33). Radiated luminosity 4.053787496138e+34
NSH Geo.n_ioniz=5.571296e+44
spectrum_create: Fraction of photons lost:  0.00 wi/ freq. low, 0.00 w/freq hi

No. of photons which have scattered n times
 87004  9550  2054   685   323   146    85    49    26    18
    14     8     6     5     3     5     4     4     4     1
     1     1     0     1     0     0     0     1     0     0
     0     0     1     0     0     0     0     0     0     0
     1     0     0     0     0     0     0     0     0     0
     0
Number of photons resonantly scattering n times
 91242  5957  1590   578   284   121    86    45    24    20
     8     8     7     3     3     7     4     4     2     1
     2     0     0     1     0     0     1     0     0     0
     0     1     0     0     0     0     0     0     0     0
     1     0     0     0     0     0     0     0     0     0
     0
No of photons and their fates
     0     0 90624  2591     0     0  2074  4711     0     0

Photons contributing to the various spectra
Inwin  Scat  Esc   Star  >nscat  err  Absor  Disk  sec  Adiab(matom)
     0     0 90624     0     0     0     0     0     0     0
     0     0 90624     0     0     0     0     0     0     0
     0     0  1299     0     0     0     0     0     0     0
     0     0 89325     0     0     0     0     0     0     0
     0     0     0     0     0     0     0     0     0     0
     0     0     0  2591     0     0     0  4711     0     0
     0     0  6044    12     0     0   369  2333     0     0
     0     0     0     0     0     0     0     0     0     0
     0     0     0     0     0     0     0     0     0     0
     0     0     0     0     0     0     0     0     0     0
     0     0     0     0     0     0     0     0     0     0
     0     0     0     0     0     0     0     0     0     0
Zeroth thread successfully received the normalised estimators. About to broadcast.
Thread 0 happy after broadcast.
Zeroth thread successfully received the integer sum. About to broadcast.
No need to communicate matom estimators as no macro-atoms!
!!python: Number of ionizing photons 5.5713e+44 lum of ionizing photons 1.87317e+34
init_freebound: Creating recombination coefficients
init_freebound: Creating recombination emissivites between 0.000000e+00 and 1.000000e+50
!!wind_update: Cell 62  with volume 1.84e+25 has only 39 photons
MPI task 0 is working on cells 0 to max 239 (total size 239).
MPI task 0 broadcasting plasma update information.
MPI task 0 survived broadcasting plasma update information.
wind_update: note, errors from mean intensity can be high in a working model
wind_update: can be a problem with photon numbers if there are also errors from spectral_estimators and low photon number warnings
wind_update: mean_intensity: 0.0000e+00 occurrences, this cycle, this thread of 'no model exists in a band'
wind_update: mean intensity: 0.0000e+00 occurrences, this cycle, this thread of 'photon freq is outside frequency range of spectral model'
!!wind_update: Absorbed flux    7.54e+32  (photo 2.23e+32 ff 2.69e+32 compton 6.16e+28 induced_compton 1.80e+25 lines 2.63e+32)
!!wind_update: Wind heating     7.54e+32  (photo 2.23e+32 ff 2.69e+32 compton 6.16e+28 induced_compton 1.80e+25 lines 2.63e+32 adiabatic 0.00e+00)
!!wind_update: Wind luminosity  7.68e+33 (recomb 1.92e+33 ff 1.23e+33 lines 4.54e+33) after update
!!wind_update: Wind cooling     8.32e+33 (recomb 1.92e+33 ff 1.23e+33 compton 8.11e+28 DR 5.62e+32 DI 7.30e+31 lines 4.54e+33 adiabatic 3.42e+30) after update
!!wind_update: Max change in t_r -15734 at cell   48 (1,18)
!!wind_update: Ave change in t_r   1280 from  40000 to  41280
!!wind_update: Max change in t_e  -5400 at cell    0 (0,0)
!!wind_update: Ave change in t_e  -5389 from  36000 to  30611
Summary  t_e   30611    -5389  #t_e and dt_e on this update
Summary  t_r   41280     1280  #t_r and dt_r on this update
!!Check_converging:    0 (0.000) converged and  239 (1.000) converging of 239 cells
!!Check_convergence_breakdown: t_r  239 t_e(real)    0 t_e(maxed)    0 hc(real)    4
Summary  convergence    0 0.000   239  1.000  239  #  n_converged fraction_converged  converging fraction_converging total cells

 T rad
   z\x   0.00e+00 2.80e+09 3.48e+09 4.33e+09 5.38e+09 6.69e+09 8.32e+09 1.03e+10 1.29e+10 1.60e+10 1.99e+10 2.47e+10 3.07e+10 3.82e+10 4.75e+10 5.90e+10 7.34e+10 9.12e+10 1.13e+11 1.41e+11 1.75e+11 2.18e+11 2.71e+11 3.37e+11 4.19e+11 5.20e+11 6.47e+11 8.04e+11 1.00e+12 1.24e+12 
0.00e+00        0  4.3e+04  3.8e+04  3.3e+04  2.9e+04  2.6e+04  2.4e+04        0        0        0        0        0        0        0        0        0        0        0        0        0        0        0        0        0        0        0        0        0        0        0 
7.00e+08        0  4.6e+04  4.2e+04  3.6e+04  3.2e+04  2.9e+04  2.6e+04  2.7e+04        0        0        0        0        0        0        0        0        0        0        0        0        0        0        0        0        0        0        0        0        0        0 
9.16e+08        0  4.8e+04  4.4e+04  3.8e+04  3.3e+04    3e+04  2.7e+04  2.5e+04        0        0        0        0        0        0        0        0        0        0        0        0        0        0        0        0        0        0        0        0        0        0 
1.20e+09        0  4.8e+04  4.6e+04    4e+04  3.6e+04  3.2e+04  2.9e+04  2.7e+04        0        0        0        0        0        0        0        0        0        0        0        0        0        0        0        0        0        0        0        0        0        0 
1.57e+09        0  4.9e+04  4.7e+04  4.3e+04  3.8e+04  3.4e+04  3.1e+04  2.7e+04        0        0        0        0        0        0        0        0        0        0        0        0        0        0        0        0        0        0        0        0        0        0 
2.05e+09        0        0  4.8e+04  4.4e+04  4.1e+04  3.7e+04  3.3e+04    3e+04  2.8e+04        0        0        0        0        0        0        0        0        0        0        0        0        0        0        0        0        0        0        0        0        0 
2.69e+09        0        0  4.8e+04  4.6e+04  4.3e+04  3.9e+04  3.5e+04  3.3e+04    3e+04        0        0        0        0        0        0        0        0        0        0        0        0        0        0        0        0        0        0        0        0        0 
3.52e+09        0        0  4.9e+04  4.8e+04  4.5e+04  4.2e+04  3.9e+04  3.5e+04  3.3e+04  3.2e+04        0        0        0        0        0        0        0        0        0        0        0        0        0        0        0        0        0        0        0        0 
4.60e+09        0        0        0  4.8e+04  4.6e+04  4.4e+04  4.1e+04  3.8e+04  3.5e+04  3.3e+04  3.3e+04        0        0        0        0        0        0        0        0        0        0        0        0        0        0        0        0        0        0        0 
6.02e+09        0        0        0  4.8e+04  4.7e+04  4.5e+04  4.3e+04    4e+04  3.8e+04  3.6e+04  3.5e+04  3.6e+04        0        0        0        0        0        0        0        0        0        0        0        0        0        0        0        0        0        0 
7.88e+09        0        0        0        0  4.8e+04  4.6e+04  4.4e+04  4.2e+04    4e+04  3.9e+04  3.7e+04  3.7e+04        0        0        0        0        0        0        0        0        0        0        0        0        0        0        0        0        0        0 
1.03e+10        0        0        0        0  4.9e+04  4.7e+04  4.6e+04  4.4e+04  4.2e+04    4e+04  3.9e+04  3.9e+04  3.9e+04        0        0        0        0        0        0        0        0        0        0        0        0        0        0        0        0        0 
1.35e+10        0        0        0        0        0  4.6e+04  4.6e+04  4.5e+04  4.3e+04  4.2e+04  4.1e+04    4e+04    4e+04  4.1e+04        0        0        0        0        0        0        0        0        0        0        0        0        0        0        0        0 
1.77e+10        0        0        0        0        0        0  4.7e+04  4.6e+04  4.5e+04  4.3e+04  4.2e+04  4.1e+04  4.1e+04  4.1e+04  4.1e+04        0        0        0        0        0        0        0        0        0        0        0        0        0        0        0 
2.31e+10        0        0        0        0        0        0        0  4.5e+04  4.5e+04  4.4e+04  4.3e+04  4.2e+04  4.1e+04  4.1e+04  4.1e+04  4.1e+04        0        0        0        0        0        0        0        0        0        0        0        0        0        0 
3.03e+10        0        0        0        0        0        0        0        0  4.5e+04  4.5e+04  4.4e+04  4.3e+04  4.2e+04  4.2e+04  4.2e+04  4.2e+04  4.1e+04  4.1e+04        0        0        0        0        0        0        0        0        0        0        0        0 
3.96e+10        0        0        0        0        0        0        0        0        0  4.5e+04  4.5e+04  4.4e+04  4.3e+04  4.2e+04  4.2e+04  4.2e+04  4.2e+04  4.1e+04  4.1e+04        0        0        0        0        0        0        0        0        0        0        0 
5.18e+10        0        0        0        0        0        0        0        0        0        0  4.5e+04  4.4e+04  4.4e+04  4.4e+04  4.2e+04  4.2e+04  4.2e+04  4.2e+04  4.1e+04  4.1e+04        0        0        0        0        0        0        0        0        0        0 
6.78e+10        0        0        0        0        0        0        0        0        0        0        0  4.4e+04  4.5e+04  4.4e+04  4.4e+04  4.3e+04  4.2e+04  4.2e+04  4.2e+04  4.2e+04  4.2e+04        0        0        0        0        0        0        0        0        0 
8.88e+10        0        0        0        0        0        0        0        0        0        0        0        0  4.5e+04  4.5e+04  4.4e+04  4.4e+04  4.3e+04  4.2e+04  4.2e+04  4.2e+04  4.2e+04  4.2e+04        0        0        0        0        0        0        0        0 
1.16e+11        0        0        0        0        0        0        0        0        0        0        0        0        0  4.5e+04  4.5e+04  4.4e+04  4.4e+04  4.3e+04  4.2e+04  4.2e+04  4.2e+04  4.2e+04  4.2e+04        0        0        0        0        0        0        0 
1.52e+11        0        0        0        0        0        0        0        0        0        0        0        0        0        0  4.6e+04  4.5e+04  4.4e+04  4.4e+04  4.3e+04  4.2e+04  4.2e+04  4.2e+04  4.2e+04  4.2e+04  4.2e+04        0        0        0        0        0 
1.99e+11        0        0        0        0        0        0        0        0        0        0        0        0        0        0        0        0  4.5e+04  4.4e+04  4.4e+04  4.3e+04  4.2e+04  4.2e+04  4.2e+04  4.2e+04  4.1e+04  4.2e+04        0        0        0        0 
2.60e+11        0        0        0        0        0        0        0        0        0        0        0        0        0        0        0        0        0  4.5e+04  4.5e+04  4.4e+04  4.4e+04  4.3e+04  4.2e+04  4.2e+04  4.2e+04  4.2e+04  4.1e+04        0        0        0 
3.41e+11        0        0        0        0        0        0        0        0        0        0        0        0        0        0        0        0        0        0  4.4e+04  4.5e+04  4.4e+04  4.4e+04  4.3e+04  4.2e+04  4.2e+04  4.2e+04  4.2e+04  4.1e+04        0        0 
4.46e+11        0        0        0        0        0        0        0        0        0        0        0        0        0        0        0        0        0        0        0  4.5e+04  4.5e+04  4.4e+04  4.4e+04  4.3e+04  4.2e+04  4.2e+04  4.2e+04  4.2e+04        0        0 
5.84e+11        0        0        0        0        0        0        0        0        0        0        0        0        0        0        0        0        0        0        0        0  4.5e+04  4.5e+04  4.4e+04  4.4e+04  4.3e+04  4.2e+04  4.2e+04  4.1e+04        0        0 
7.64e+11        0        0        0        0        0        0        0        0        0        0        0        0        0        0        0        0        0        0        0        0        0        0  4.5e+04  4.4e+04  4.4e+04  4.3e+04        0        0        0        0 
1.00e+12        0        0        0        0        0        0        0        0        0        0        0        0        0        0        0        0        0        0        0        0        0        0        0        0        0        0        0        0        0        0 
1.31e+12        0        0        0        0        0        0        0        0        0        0        0        0        0        0        0        0        0        0        0        0        0        0        0        0        0        0        0        0        0        0 

 T e
   z\x   0.00e+00 2.80e+09 3.48e+09 4.33e+09 5.38e+09 6.69e+09 8.32e+09 1.03e+10 1.29e+10 1.60e+10 1.99e+10 2.47e+10 3.07e+10 3.82e+10 4.75e+10 5.90e+10 7.34e+10 9.12e+10 1.13e+11 1.41e+11 1.75e+11 2.18e+11 2.71e+11 3.37e+11 4.19e+11 5.20e+11 6.47e+11 8.04e+11 1.00e+12 1.24e+12 
0.00e+00        0  3.1e+04  3.1e+04  3.1e+04  3.1e+04  3.1e+04  3.1e+04        0        0        0        0        0        0        0        0        0        0        0        0        0        0        0        0        0        0        0        0        0        0        0 
7.00e+08        0  3.1e+04  3.1e+04  3.1e+04  3.1e+04  3.1e+04  3.1e+04  3.1e+04        0        0        0        0        0        0        0        0        0        0        0        0        0        0        0        0        0        0        0        0        0        0 
9.16e+08        0  3.1e+04  3.1e+04  3.1e+04  3.1e+04  3.1e+04  3.1e+04  3.1e+04        0        0        0        0        0        0        0        0        0        0        0        0        0        0        0        0        0        0        0        0        0        0 
1.20e+09        0  3.2e+04  3.1e+04  3.1e+04  3.1e+04  3.1e+04  3.1e+04  3.1e+04        0        0        0        0        0        0        0        0        0        0        0        0        0        0        0        0        0        0        0        0        0        0 
1.57e+09        0  3.1e+04  3.1e+04  3.1e+04  3.1e+04  3.1e+04  3.1e+04  3.1e+04        0        0        0        0        0        0        0        0        0        0        0        0        0        0        0        0        0        0        0        0        0        0 
2.05e+09        0        0  3.1e+04  3.1e+04  3.1e+04  3.1e+04  3.1e+04  3.1e+04  3.1e+04        0        0        0        0        0        0        0        0        0        0        0        0        0        0        0        0        0        0        0        0        0 
2.69e+09        0        0  3.1e+04  3.1e+04  3.1e+04  3.1e+04  3.1e+04  3.1e+04  3.1e+04        0        0        0        0        0        0        0        0        0        0        0        0        0        0        0        0        0        0        0        0        0 
3.52e+09        0        0  3.1e+04  3.1e+04  3.1e+04  3.1e+04  3.1e+04  3.1e+04  3.1e+04  3.1e+04        0        0        0        0        0        0        0        0        0        0        0        0        0        0        0        0        0        0        0        0 
4.60e+09        0        0        0  3.1e+04  3.1e+04  3.1e+04  3.1e+04  3.1e+04  3.1e+04  3.1e+04  3.1e+04        0        0        0        0        0        0        0        0        0        0        0        0        0        0        0        0        0        0        0 
6.02e+09        0        0        0  3.1e+04  3.1e+04  3.1e+04  3.1e+04  3.1e+04  3.1e+04  3.1e+04  3.1e+04  3.1e+04        0        0        0        0        0        0        0        0        0        0        0        0        0        0        0        0        0        0 
7.88e+09        0        0        0        0  3.1e+04  3.1e+04  3.1e+04  3.1e+04  3.1e+04  3.1e+04  3.1e+04  3.1e+04        0        0        0        0        0        0        0        0        0        0        0        0        0        0        0        0        0        0 
1.03e+10        0        0        0        0  3.1e+04  3.1e+04  3.1e+04  3.1e+04  3.1e+04  3.1e+04  3.1e+04  3.1e+04  3.1e+04        0        0        0        0        0        0        0        0        0        0        0        0        0        0        0        0        0 
1.35e+10        0        0        0        0        0  3.1e+04  3.1e+04  3.1e+04  3.1e+04  3.1e+04  3.1e+04  3.1e+04  3.1e+04  3.1e+04        0        0        0        0        0        0        0        0        0        0        0        0        0        0        0        0 
1.77e+10        0        0        0        0        0        0  3.1e+04  3.1e+04  3.1e+04  3.1e+04  3.1e+04  3.1e+04  3.1e+04  3.1e+04  3.1e+04        0        0        0        0        0        0        0        0        0        0        0        0        0        0        0 
2.31e+10        0        0        0        0        0        0        0  3.1e+04  3.1e+04  3.1e+04  3.1e+04  3.1e+04  3.1e+04  3.1e+04  3.1e+04  3.1e+04        0        0        0        0        0        0        0        0        0        0        0        0        0        0 
3.03e+10        0        0        0        0        0        0        0        0  3.1e+04  3.1e+04  3.1e+04  3.1e+04  3.1e+04  3.1e+04  3.1e+04  3.1e+04  3.1e+04  3.1e+04        0        0        0        0        0        0        0        0        0        0        0        0 
3.96e+10        0        0        0        0        0        0        0        0        0  3.1e+04  3.1e+04  3.1e+04  3.1e+04  3.1e+04  3.1e+04  3.1e+04  3.1e+04  3.1e+04  3.1e+04        0        0        0        0        0        0        0        0        0        0        0 
5.18e+10        0        0        0        0        0        0        0        0        0        0  3.1e+04  3.1e+04  3.1e+04  3.1e+04  3.1e+04  3.1e+04  3.1e+04  3.1e+04  3.1e+04  3.1e+04        0        0        0        0        0        0        0        0        0        0 
6.78e+10        0        0        0        0        0        0        0        0        0        0        0  3.1e+04  3.1e+04  3.1e+04  3.1e+04  3.1e+04  3.1e+04  3.1e+04  3.1e+04  3.1e+04  3.1e+04        0        0        0        0        0        0        0        0        0 
8.88e+10        0        0        0        0        0        0        0        0        0        0        0        0  3.1e+04  3.1e+04  3.1e+04  3.1e+04  3.1e+04  3.1e+04  3.1e+04  3.1e+04  3.1e+04  3.1e+04        0        0        0        0        0        0        0        0 
1.16e+11        0        0        0        0        0        0        0        0        0        0        0        0        0  3.1e+04  3.1e+04  3.1e+04  3.1e+04  3.1e+04  3.1e+04  3.1e+04  3.1e+04  3.1e+04  3.1e+04        0        0        0        0        0        0        0 
1.52e+11        0        0        0        0        0        0        0        0        0        0        0        0        0        0  3.1e+04  3.1e+04  3.1e+04  3.1e+04  3.1e+04  3.1e+04  3.1e+04  3.1e+04  3.1e+04  3.1e+04  3.1e+04        0        0        0        0        0 
1.99e+11        0        0        0        0        0        0        0        0        0        0        0        0        0        0        0        0  3.1e+04  3.1e+04  3.1e+04  3.1e+04  3.1e+04  3.1e+04  3.1e+04  3.1e+04  3.1e+04  3.1e+04        0        0        0        0 
2.60e+11        0        0        0        0        0        0        0        0        0        0        0        0        0        0        0        0        0  3.1e+04  3.1e+04  3.1e+04  3.1e+04  3.1e+04  3.1e+04  3.1e+04  3.1e+04  3.1e+04  3.1e+04        0        0        0 
3.41e+11        0        0        0        0        0        0        0        0        0        0        0        0        0        0        0        0        0        0  3.1e+04  3.1e+04  3.1e+04  3.1e+04  3.1e+04  3.1e+04  3.1e+04  3.1e+04  3.1e+04  3.1e+04        0        0 
4.46e+11        0        0        0        0        0        0        0        0        0        0        0        0        0        0        0        0        0        0        0  3.1e+04  3.1e+04  3.1e+04  3.1e+04  3.1e+04  3.1e+04  3.1e+04  3.1e+04  3.1e+04        0        0 
5.84e+11        0        0        0        0        0        0        0        0        0        0        0        0        0        0        0        0        0        0        0        0  3.1e+04  3.1e+04  3.1e+04  3.1e+04  3.1e+04  3.1e+04  3.1e+04  3.1e+04        0        0 
7.64e+11        0        0        0        0        0        0        0        0        0        0        0        0        0        0        0        0        0        0        0        0        0        0  3.1e+04  3.1e+04  3.1e+04  3.1e+04        0        0        0        0 
1.00e+12        0        0        0        0        0        0        0        0        0        0        0        0        0        0        0        0        0        0        0        0        0        0        0        0        0        0        0        0        0        0 
1.31e+12        0        0        0        0        0        0        0        0        0        0        0        0        0        0        0        0        0        0        0        0        0        0        0        0        0        0        0        0        0        0 
Completed ionization cycle 0 :  The elapsed TIME was 29.773685
xxx Mon Mar 23 15:46:56 2015     29.8 OK                   Finished 0 of 20 ionization cycle 
wind_write sizes: NPLASMA 239 size_Jbar_est 0 size_gamma_est 0 size_alpha_est 0 nlevels_macro 0
xxx Mon Mar 23 15:46:56 2015     29.8 NOK                  Starting 1 of 20 ionization cycle 
!!Python: Begining cycle 1 of 20 for defining wind
init_freebound: Creating recombination emissivites between 2.498271e+14 and 3.287800e+15
init_freebound: Creating recombination emissivites between 3.287800e+15 and 5.944587e+15
init_freebound: Creating recombination emissivites between 5.944587e+15 and 1.315652e+16
init_freebound: Creating recombination emissivites between 1.315652e+16 and 2.631304e+16
photon_gen: band 2.50e+14 to 3.29e+15 weight 7.44e+29 nphotons 38458 ndisk  33082 nwind   4672 nstar    704 npow 0 
photon_gen: band 3.29e+15 to 5.94e+15 weight 5.11e+29 nphotons 31900 ndisk  24841 nwind   6458 nstar    601 npow 0 
photon_gen: band 5.94e+15 to 1.32e+16 weight 3.58e+29 nphotons 19263 ndisk  17947 nwind   1143 nstar    173 npow 0 
photon_gen: band 1.32e+16 to 2.63e+16 weight 2.72e+28 nphotons 10379 ndisk   6643 nwind   3733 nstar      3 npow 0 
NSH Geo.n_ioniz=7.202917e+44
!!python: Total photon luminosity before transphot 5.208918467538e+34

Photon       0 of  100000 or  0.000 per cent 
Photon   50000 of  100000 or 50.000 per cent 


!!python: Total photon luminosity after transphot 4.386073581472e+34 (diff -8.228448860665e+33). Radiated luminosity 3.903823972303e+34
NSH Geo.n_ioniz=5.161047e+44
spectrum_create: Fraction of photons lost:  0.00 wi/ freq. low, 0.00 w/freq hi

No. of photons which have scattered n times
 76129 13256  4888  2337  1347   716   420   249   197   116
    80    63    38    30    29    30    15     9    10     8
     8     7     4     1     1     2     0     1     2     0
     0     2     3     0     1     0     0     0     0     0
     1     0     0     0     0     0     0     0     0     0
     0
Number of photons resonantly scattering n times
 79716 10535  4377  2174  1283   665   385   241   177   124
    67    64    39    28    23    30    14    10     9     9
     5     7     5     0     2     1     0     2     1     0
     1     2     2     0     1     0     0     0     0     0
     1     0     0     0     0     0     0     0     0     0
     0
No of photons and their fates
     0     0 78373  2090     0     0  7771 11766     0     0

Photons contributing to the various spectra
Inwin  Scat  Esc   Star  >nscat  err  Absor  Disk  sec  Adiab(matom)
     0     0 78373     0     0     0     0     0     0     0
     0     0 78373     0     0     0     0     0     0     0
     0     0  1075     0     0     0     0     0     0     0
     0     0 72535     0     0     0     0     0     0     0
     0     0  4763     0     0     0     0     0     0     0
     0     0     0  2090     0     0     0 11766     0     0
     0     0 12443    20     0     0  2037  5784     0     0
     0     0     0     0     0     0     0     0     0     0
     0     0     0     0     0     0     0     0     0     0
     0     0     0     0     0     0     0     0     0     0
     0     0     0     0     0     0     0     0     0     0
     0     0     0     0     0     0     0     0     0     0
Zeroth thread successfully received the normalised estimators. About to broadcast.
Thread 0 happy after broadcast.
Zeroth thread successfully received the integer sum. About to broadcast.
No need to communicate matom estimators as no macro-atoms!
!!python: Number of ionizing photons 5.16105e+44 lum of ionizing photons 1.73647e+34
!!wind_update: Cell 62  with volume 1.84e+25 has only 48 photons
MPI task 0 is working on cells 0 to max 239 (total size 239).
MPI task 0 broadcasting plasma update information.
MPI task 0 survived broadcasting plasma update information.
wind_update: note, errors from mean intensity can be high in a working model
wind_update: can be a problem with photon numbers if there are also errors from spectral_estimators and low photon number warnings
wind_update: mean_intensity: 0.0000e+00 occurrences, this cycle, this thread of 'no model exists in a band'
wind_update: mean intensity: 0.0000e+00 occurrences, this cycle, this thread of 'photon freq is outside frequency range of spectral model'
!!wind_update: Absorbed flux    3.72e+33  (photo 1.22e+33 ff 3.40e+32 compton 5.42e+28 induced_compton 6.59e+26 lines 2.16e+33)
!!wind_update: Wind heating     3.72e+33  (photo 1.22e+33 ff 3.40e+32 compton 5.42e+28 induced_compton 6.59e+26 lines 2.16e+33 adiabatic 0.00e+00)
!!wind_update: Wind luminosity  5.47e+33 (recomb 1.77e+33 ff 1.11e+33 lines 2.59e+33) after update
!!wind_update: Wind cooling     5.85e+33 (recomb 1.77e+33 ff 1.11e+33 compton 5.17e+28 DR 1.34e+32 DI 2.41e+32 lines 2.59e+33 adiabatic 2.58e+30) after update
!!wind_update: Max change in t_r  -5681 at cell   24 (0,24)
!!wind_update: Ave change in t_r  -1553 from  41280 to  39726
!!wind_update: Max change in t_e  -5049 at cell   13 (0,13)
!!wind_update: Ave change in t_e  -4331 from  30611 to  26280
Summary  t_e   26280    -4331  #t_e and dt_e on this update
Summary  t_r   39726    -1553  #t_r and dt_r on this update
!!Check_converging:   34 (0.142) converged and  239 (1.000) converging of 239 cells
!!Check_convergence_breakdown: t_r  239 t_e(real)   34 t_e(maxed)    0 hc(real)   72
Summary  convergence   34 0.142   239  1.000  239  #  n_converged fraction_converged  converging fraction_converging total cells

 T rad
   z\x   0.00e+00 2.80e+09 3.48e+09 4.33e+09 5.38e+09 6.69e+09 8.32e+09 1.03e+10 1.29e+10 1.60e+10 1.99e+10 2.47e+10 3.07e+10 3.82e+10 4.75e+10 5.90e+10 7.34e+10 9.12e+10 1.13e+11 1.41e+11 1.75e+11 2.18e+11 2.71e+11 3.37e+11 4.19e+11 5.20e+11 6.47e+11 8.04e+11 1.00e+12 1.24e+12 
0.00e+00        0  4.1e+04  3.5e+04  2.8e+04  2.5e+04  2.3e+04  2.2e+04        0        0        0        0        0        0        0        0        0        0        0        0        0        0        0        0        0        0        0        0        0        0        0 
7.00e+08        0  4.5e+04  3.9e+04  3.1e+04  2.7e+04  2.4e+04  2.3e+04  2.3e+04        0        0        0        0        0        0        0        0        0        0        0        0        0        0        0        0        0        0        0        0        0        0 
9.16e+08        0  4.6e+04  4.2e+04  3.5e+04  2.9e+04  2.5e+04  2.4e+04  2.3e+04        0        0        0        0        0        0        0        0        0        0        0        0        0        0        0        0        0        0        0        0        0        0 
1.20e+09        0  4.7e+04  4.4e+04  3.8e+04  3.2e+04  2.7e+04  2.5e+04  2.3e+04        0        0        0        0        0        0        0        0        0        0        0        0        0        0        0        0        0        0        0        0        0        0 
1.57e+09        0  4.9e+04  4.6e+04  4.1e+04  3.6e+04  3.1e+04  2.7e+04  2.5e+04        0        0        0        0        0        0        0        0        0        0        0        0        0        0        0        0        0        0        0        0        0        0 
2.05e+09        0        0  4.7e+04  4.4e+04  3.9e+04  3.4e+04    3e+04  2.7e+04  2.5e+04        0        0        0        0        0        0        0        0        0        0        0        0        0        0        0        0        0        0        0        0        0 
2.69e+09        0        0  4.9e+04  4.6e+04  4.2e+04  3.8e+04  3.4e+04    3e+04  2.7e+04        0        0        0        0        0        0        0        0        0        0        0        0        0        0        0        0        0        0        0        0        0 
3.52e+09        0        0    5e+04  4.8e+04  4.4e+04  4.1e+04  3.7e+04  3.4e+04    3e+04  2.8e+04        0        0        0        0        0        0        0        0        0        0        0        0        0        0        0        0        0        0        0        0 
4.60e+09        0        0        0  4.8e+04  4.6e+04  4.3e+04    4e+04  3.7e+04  3.4e+04  3.1e+04  3.1e+04        0        0        0        0        0        0        0        0        0        0        0        0        0        0        0        0        0        0        0 
6.02e+09        0        0        0  4.9e+04  4.7e+04  4.5e+04  4.3e+04    4e+04  3.7e+04  3.5e+04  3.3e+04    3e+04        0        0        0        0        0        0        0        0        0        0        0        0        0        0        0        0        0        0 
7.88e+09        0        0        0        0  4.8e+04  4.6e+04  4.4e+04  4.2e+04    4e+04  3.7e+04  3.6e+04  3.5e+04        0        0        0        0        0        0        0        0        0        0        0        0        0        0        0        0        0        0 
1.03e+10        0        0        0        0  4.8e+04  4.7e+04  4.6e+04  4.4e+04  4.2e+04    4e+04  3.8e+04  3.7e+04  3.7e+04        0        0        0        0        0        0        0        0        0        0        0        0        0        0        0        0        0 
1.35e+10        0        0        0        0        0  4.6e+04  4.6e+04  4.5e+04  4.3e+04  4.1e+04    4e+04  3.9e+04  3.8e+04  3.8e+04        0        0        0        0        0        0        0        0        0        0        0        0        0        0        0        0 
1.77e+10        0        0        0        0        0        0  4.7e+04  4.5e+04  4.4e+04  4.3e+04  4.1e+04    4e+04    4e+04  3.9e+04  3.9e+04        0        0        0        0        0        0        0        0        0        0        0        0        0        0        0 
2.31e+10        0        0        0        0        0        0        0  4.7e+04  4.5e+04  4.3e+04  4.2e+04  4.1e+04    4e+04    4e+04  3.9e+04  3.9e+04        0        0        0        0        0        0        0        0        0        0        0        0        0        0 
3.03e+10        0        0        0        0        0        0        0        0  4.6e+04  4.5e+04  4.3e+04  4.2e+04  4.1e+04    4e+04    4e+04  3.9e+04    4e+04  3.8e+04        0        0        0        0        0        0        0        0        0        0        0        0 
3.96e+10        0        0        0        0        0        0        0        0        0  4.5e+04  4.5e+04  4.3e+04  4.2e+04  4.1e+04    4e+04    4e+04  3.9e+04    4e+04  4.2e+04        0        0        0        0        0        0        0        0        0        0        0 
5.18e+10        0        0        0        0        0        0        0        0        0        0  4.5e+04  4.4e+04  4.3e+04  4.2e+04  4.1e+04    4e+04    4e+04  3.9e+04    4e+04    4e+04        0        0        0        0        0        0        0        0        0        0 
6.78e+10        0        0        0        0        0        0        0        0        0        0        0  4.5e+04  4.4e+04  4.3e+04  4.2e+04  4.1e+04    4e+04    4e+04  3.9e+04  3.9e+04  3.9e+04        0        0        0        0        0        0        0        0        0 
8.88e+10        0        0        0        0        0        0        0        0        0        0        0        0  4.5e+04  4.4e+04  4.3e+04  4.2e+04  4.1e+04    4e+04    4e+04  3.9e+04  3.9e+04  3.9e+04        0        0        0        0        0        0        0        0 
1.16e+11        0        0        0        0        0        0        0        0        0        0        0        0        0  4.5e+04  4.5e+04  4.3e+04  4.2e+04  4.1e+04    4e+04    4e+04    4e+04  3.9e+04  3.9e+04        0        0        0        0        0        0        0 
1.52e+11        0        0        0        0        0        0        0        0        0        0        0        0        0        0  4.8e+04  4.5e+04  4.4e+04  4.2e+04  4.1e+04    4e+04    4e+04    4e+04  3.9e+04  3.9e+04  3.9e+04        0        0        0        0        0 
1.99e+11        0        0        0        0        0        0        0        0        0        0        0        0        0        0        0        0  4.5e+04  4.4e+04  4.2e+04  4.1e+04    4e+04    4e+04    4e+04  3.9e+04  3.9e+04  3.9e+04        0        0        0        0 
2.60e+11        0        0        0        0        0        0        0        0        0        0        0        0        0        0        0        0        0  4.6e+04  4.4e+04  4.3e+04  4.1e+04    4e+04    4e+04    4e+04  3.9e+04  3.9e+04  3.9e+04        0        0        0 
3.41e+11        0        0        0        0        0        0        0        0        0        0        0        0        0        0        0        0        0        0  4.6e+04  4.4e+04  4.3e+04  4.2e+04  4.1e+04    4e+04    4e+04  3.9e+04  3.9e+04    4e+04        0        0 
4.46e+11        0        0        0        0        0        0        0        0        0        0        0        0        0        0        0        0        0        0        0  4.6e+04  4.5e+04  4.3e+04  4.2e+04  4.1e+04    4e+04    4e+04  3.9e+04  3.9e+04        0        0 
5.84e+11        0        0        0        0        0        0        0        0        0        0        0        0        0        0        0        0        0        0        0        0  4.9e+04  4.5e+04  4.4e+04  4.2e+04  4.1e+04    4e+04    4e+04    4e+04        0        0 
7.64e+11        0        0        0        0        0        0        0        0        0        0        0        0        0        0        0        0        0        0        0        0        0        0  4.6e+04  4.4e+04  4.2e+04  4.1e+04        0        0        0        0 
1.00e+12        0        0        0        0        0        0        0        0        0        0        0        0        0        0        0        0        0        0        0        0        0        0        0        0        0        0        0        0        0        0 
1.31e+12        0        0        0        0        0        0        0        0        0        0        0        0        0        0        0        0        0        0        0        0        0        0        0        0        0        0        0        0        0        0 

 T e
   z\x   0.00e+00 2.80e+09 3.48e+09 4.33e+09 5.38e+09 6.69e+09 8.32e+09 1.03e+10 1.29e+10 1.60e+10 1.99e+10 2.47e+10 3.07e+10 3.82e+10 4.75e+10 5.90e+10 7.34e+10 9.12e+10 1.13e+11 1.41e+11 1.75e+11 2.18e+11 2.71e+11 3.37e+11 4.19e+11 5.20e+11 6.47e+11 8.04e+11 1.00e+12 1.24e+12 
0.00e+00        0    3e+04  2.8e+04  2.6e+04  2.6e+04  2.6e+04  2.6e+04        0        0        0        0        0        0        0        0        0        0        0        0        0        0        0        0        0        0        0        0        0        0        0 
7.00e+08        0  3.1e+04  2.9e+04  2.7e+04  2.7e+04  2.6e+04  2.8e+04  2.6e+04        0        0        0        0        0        0        0        0        0        0        0        0        0        0        0        0        0        0        0        0        0        0 
9.16e+08        0  3.1e+04    3e+04  2.9e+04  2.8e+04  2.8e+04  2.8e+04  2.6e+04        0        0        0        0        0        0        0        0        0        0        0        0        0        0        0        0        0        0        0        0        0        0 
1.20e+09        0  3.3e+04    3e+04  2.9e+04  2.8e+04  2.8e+04  2.8e+04  2.8e+04        0        0        0        0        0        0        0        0        0        0        0        0        0        0        0        0        0        0        0        0        0        0 
1.57e+09        0  3.2e+04  3.1e+04  2.9e+04  2.9e+04  2.9e+04  2.7e+04  2.8e+04        0        0        0        0        0        0        0        0        0        0        0        0        0        0        0        0        0        0        0        0        0        0 
2.05e+09        0        0    3e+04  2.9e+04  2.8e+04  2.8e+04  2.9e+04  2.7e+04  2.7e+04        0        0        0        0        0        0        0        0        0        0        0        0        0        0        0        0        0        0        0        0        0 
2.69e+09        0        0  2.9e+04  2.9e+04  2.9e+04  2.8e+04  2.8e+04  2.8e+04  2.6e+04        0        0        0        0        0        0        0        0        0        0        0        0        0        0        0        0        0        0        0        0        0 
3.52e+09        0        0    3e+04  2.8e+04  2.8e+04  2.8e+04  2.7e+04  2.6e+04  2.6e+04  2.6e+04        0        0        0        0        0        0        0        0        0        0        0        0        0        0        0        0        0        0        0        0 
4.60e+09        0        0        0  2.7e+04  2.7e+04  2.6e+04  2.6e+04  2.6e+04  2.6e+04  2.6e+04  2.6e+04        0        0        0        0        0        0        0        0        0        0        0        0        0        0        0        0        0        0        0 
6.02e+09        0        0        0  2.7e+04  2.7e+04  2.7e+04  2.6e+04  2.6e+04  2.6e+04  2.6e+04  2.6e+04  2.8e+04        0        0        0        0        0        0        0        0        0        0        0        0        0        0        0        0        0        0 
7.88e+09        0        0        0        0  2.8e+04  2.7e+04  2.6e+04  2.6e+04  2.6e+04  2.6e+04  2.6e+04  2.6e+04        0        0        0        0        0        0        0        0        0        0        0        0        0        0        0        0        0        0 
1.03e+10        0        0        0        0  2.7e+04  2.7e+04  2.6e+04  2.6e+04  2.6e+04  2.6e+04  2.6e+04  2.6e+04  2.6e+04        0        0        0        0        0        0        0        0        0        0        0        0        0        0        0        0        0 
1.35e+10        0        0        0        0        0  2.8e+04  2.7e+04  2.6e+04  2.6e+04  2.6e+04  2.6e+04  2.6e+04  2.6e+04  2.6e+04        0        0        0        0        0        0        0        0        0        0        0        0        0        0        0        0 
1.77e+10        0        0        0        0        0        0  2.8e+04  2.7e+04  2.6e+04  2.6e+04  2.6e+04  2.6e+04  2.6e+04  2.6e+04  2.6e+04        0        0        0        0        0        0        0        0        0        0        0        0        0        0        0 
2.31e+10        0        0        0        0        0        0        0  2.8e+04  2.7e+04  2.6e+04  2.6e+04  2.6e+04  2.6e+04  2.6e+04  2.6e+04  2.6e+04        0        0        0        0        0        0        0        0        0        0        0        0        0        0 
3.03e+10        0        0        0        0        0        0        0        0  2.7e+04  2.6e+04  2.6e+04  2.6e+04  2.6e+04  2.6e+04  2.6e+04  2.6e+04  2.6e+04  2.6e+04        0        0        0        0        0        0        0        0        0        0        0        0 
3.96e+10        0        0        0        0        0        0        0        0        0  2.6e+04  2.6e+04  2.6e+04  2.6e+04  2.6e+04  2.6e+04  2.6e+04  2.6e+04  2.6e+04  2.6e+04        0        0        0        0        0        0        0        0        0        0        0 
5.18e+10        0        0        0        0        0        0        0        0        0        0  2.6e+04  2.6e+04  2.6e+04  2.6e+04  2.6e+04  2.6e+04  2.6e+04  2.6e+04  2.6e+04  2.6e+04        0        0        0        0        0        0        0        0        0        0 
6.78e+10        0        0        0        0        0        0        0        0        0        0        0  2.6e+04  2.6e+04  2.6e+04  2.6e+04  2.6e+04  2.6e+04  2.6e+04  2.6e+04  2.6e+04  2.6e+04        0        0        0        0        0        0        0        0        0 
8.88e+10        0        0        0        0        0        0        0        0        0        0        0        0  2.6e+04  2.6e+04  2.6e+04  2.6e+04  2.6e+04  2.6e+04  2.6e+04  2.6e+04  2.6e+04  2.6e+04        0        0        0        0        0        0        0        0 
1.16e+11        0        0        0        0        0        0        0        0        0        0        0        0        0  2.6e+04  2.6e+04  2.6e+04  2.6e+04  2.6e+04  2.6e+04  2.6e+04  2.6e+04  2.6e+04  2.6e+04        0        0        0        0        0        0        0 
1.52e+11        0        0        0        0        0        0        0        0        0        0        0        0        0        0  2.6e+04  2.6e+04  2.6e+04  2.6e+04  2.6e+04  2.6e+04  2.6e+04  2.6e+04  2.6e+04  2.6e+04  2.6e+04        0        0        0        0        0 
1.99e+11        0        0        0        0        0        0        0        0        0        0        0        0        0        0        0        0  2.6e+04  2.6e+04  2.6e+04  2.6e+04  2.6e+04  2.6e+04  2.6e+04  2.6e+04  2.6e+04  2.6e+04        0        0        0        0 
2.60e+11        0        0        0        0        0        0        0        0        0        0        0        0        0        0        0        0        0  2.6e+04  2.6e+04  2.6e+04  2.6e+04  2.6e+04  2.6e+04  2.6e+04  2.6e+04  2.6e+04  2.6e+04        0        0        0 
3.41e+11        0        0        0        0        0        0        0        0        0        0        0        0        0        0        0        0        0        0  2.6e+04  2.6e+04  2.6e+04  2.6e+04  2.6e+04  2.6e+04  2.6e+04  2.6e+04  2.6e+04  2.6e+04        0        0 
4.46e+11        0        0        0        0        0        0        0        0        0        0        0        0        0        0        0        0        0        0        0  2.6e+04  2.6e+04  2.6e+04  2.6e+04  2.6e+04  2.6e+04  2.6e+04  2.6e+04  2.6e+04        0        0 
5.84e+11        0        0        0        0        0        0        0        0        0        0        0        0        0        0        0        0        0        0        0        0  2.6e+04  2.6e+04  2.6e+04  2.6e+04  2.6e+04  2.6e+04  2.6e+04  2.6e+04        0        0 
7.64e+11        0        0        0        0        0        0        0        0        0        0        0        0        0        0        0        0        0        0        0        0        0        0  2.6e+04  2.6e+04  2.6e+04  2.6e+04        0        0        0        0 
1.00e+12        0        0        0        0        0        0        0        0        0        0        0        0        0        0        0        0        0        0        0        0        0        0        0        0        0        0        0        0        0        0 
1.31e+12        0        0        0        0        0        0        0        0        0        0        0        0        0        0        0        0        0        0        0        0        0        0        0        0        0        0        0        0        0        0 
Completed ionization cycle 1 :  The elapsed TIME was 53.553363
xxx Mon Mar 23 15:47:20 2015     53.6 OK                   Finished 1 of 20 ionization cycle 
wind_write sizes: NPLASMA 239 size_Jbar_est 0 size_gamma_est 0 size_alpha_est 0 nlevels_macro 0
xxx Mon Mar 23 15:47:20 2015     53.6 NOK                  Starting 2 of 20 ionization cycle 
!!Python: Begining cycle 2 of 20 for defining wind
photon_gen: band 2.50e+14 to 3.29e+15 weight 7.12e+29 nphotons 38932 ndisk  34555 nwind   3641 nstar    736 npow 0 
photon_gen: band 3.29e+15 to 5.94e+15 weight 4.84e+29 nphotons 31220 ndisk  26208 nwind   4378 nstar    634 npow 0 
photon_gen: band 5.94e+15 to 1.32e+16 weight 3.47e+29 nphotons 19503 ndisk  18501 nwind    824 nstar    178 npow 0 
photon_gen: band 1.32e+16 to 2.63e+16 weight 2.38e+28 nphotons 10345 ndisk   7598 nwind   2744 nstar      3 npow 0 
NSH Geo.n_ioniz=6.740874e+44
!!python: Total photon luminosity before transphot 4.986759544831e+34

Photon       0 of